2026-03-09 15:00:01,606 [Tracker] SLACK_BOT_TOKEN not set вАФ cannot post digest
вЪ†пЄП  SLACK_BOT_TOKEN not set. Digest:

рЯУК *AI Voice Caller вАФ Weekly Performance Digest*
Total calls tracked: *28* | Last updated: 2026-03-04T16:42:41.517549-07:00

*Prompt Performance (engagement_rate = answered + interested / total):*
  вАҐ `cold_outreach` / government вАФ engage=100% ans=50% ref=0% n=2
  вАҐ `cold_outreach` / higher_ed вАФ engage=100% ans=0% ref=0% n=1
  вАҐ `paul` / k12 вАФ engage=100% ans=50% ref=0% n=4
  вАҐ `paul` / government вАФ engage=100% ans=25% ref=0% n=12
  вАҐ `paul` / other вАФ engage=100% ans=100% ref=0% n=3
  вАҐ `k12` / k12 вАФ engage=100% ans=0% ref=0% n=1
  вАҐ `cold_outreach` / other вАФ engage=80% ans=0% ref=0% n=5

*Best Call Times (answer_rate):*
  вАҐ morning: ans=57%  n=7
  вАҐ midday: ans=57%  n=7
  вАҐ lunch: ans=14%  n=7
  вАҐ afternoon: ans=0%  n=2
  вАҐ late_afternoon: ans=0%  n=2

*State Breakdown:*
  вАҐ AZ: engage=100%  ans=39%  n=23
  вАҐ XX: engage=67%  ans=0%  n=3
  вАҐ CO: engage=100%  ans=0%  n=2

*Smart Routing Recommendations:*
  вАҐ government: prompt=`paul`
вЪ†пЄП  Slack post failed (check logs)
