SFDC Sync — 2026-03-06 14:00 UTC
  Territory : IA, NE, SD
  Org alias : fortinet
  DB path   : /home/samson/.openclaw/workspace/projects/ai-voice-caller/campaigns/accounts.db

  ✗ SFDC auth check failed for alias 'fortinet': sf CLI error: [Errno 2] No such file or directory: 'sf'
❌ SFDC Sync FAILED — auth expired for alias `fortinet`. Re-login required.
SFDC Sync — 2026-03-07 14:00 UTC
  Territory : IA, NE, SD
  Org alias : fortinet
  DB path   : /home/samson/.openclaw/workspace/projects/ai-voice-caller/campaigns/accounts.db

  ✗ SFDC auth check failed for alias 'fortinet': sf CLI error: [Errno 2] No such file or directory: 'sf'
❌ SFDC Sync FAILED — auth expired for alias `fortinet`. Re-login required.
[sfdc_live_sync] hours=24  states=['IA', 'NE', 'SD']  dry_run=False

── Accounts ─────────────────────────────────
  queried   : 0
  inserted  : 0
  updated   : 0
  skipped   : 0
── Opportunities ────────────────────────────
  queried   : 0
  inserted  : 0
  updated   : 0
── State machine ────────────────────────────
  transitions: 0
── Errors ───────────────────────────────────
  [!] Account query failed: 400 Client Error: Bad Request for url: https://fortinet.my.salesforce.com/services/data/v59.0/query?q=SELECT+Id%2C+Name%2C+Phone%2C+BillingState%2C+Type%2C+Industry+FROM+Account+WHERE+Phone+%21%3D+null+AND+BillingState+IN+%28%27IA%27%2C+%27NE%27%2C+%27SD%27%29+AND+IsDeleted+%3D+false+AND+LastModifiedDate+%3E%3D+LAST_N_HOURS%3A24+ORDER+BY+LastModifiedDate+DESC
[sfdc_live_sync] hours=24  states=['IA', 'NE', 'SD']  dry_run=False

── Accounts ─────────────────────────────────
  queried   : 0
  inserted  : 0
  updated   : 0
  skipped   : 0
── Opportunities ────────────────────────────
  queried   : 0
  inserted  : 0
  updated   : 0
── State machine ────────────────────────────
  transitions: 0
── Errors ───────────────────────────────────
  [!] Account query failed: 400 Client Error: Bad Request for url: https://fortinet.my.salesforce.com/services/data/v59.0/query?q=SELECT+Id%2C+Name%2C+Phone%2C+BillingState%2C+Type%2C+Industry+FROM+Account+WHERE+Phone+%21%3D+null+AND+BillingState+IN+%28%27IA%27%2C+%27NE%27%2C+%27SD%27%29+AND+IsDeleted+%3D+false+AND+LastModifiedDate+%3E%3D+LAST_N_HOURS%3A24+ORDER+BY+LastModifiedDate+DESC
[sfdc_live_sync] hours=24  states=['IA', 'NE', 'SD']  dry_run=False

── Accounts ─────────────────────────────────
  queried   : 2
  inserted  : 2
  updated   : 0
  skipped   : 0
── Opportunities ────────────────────────────
  queried   : 0
  inserted  : 0
  updated   : 0
── State machine ────────────────────────────
  transitions: 0
[sfdc_live_sync] hours=24  states=['IA', 'NE', 'SD']  dry_run=False

── Accounts ─────────────────────────────────
  queried   : 2
  inserted  : 1
  updated   : 1
  skipped   : 0
── Opportunities ────────────────────────────
  queried   : 2
  inserted  : 2
  updated   : 0
── State machine ────────────────────────────
  transitions: 2
[sfdc_live_sync] hours=24  states=['IA', 'NE', 'SD']  dry_run=False

── Accounts ─────────────────────────────────
  queried   : 1
  inserted  : 0
  updated   : 1
  skipped   : 0
── Opportunities ────────────────────────────
  queried   : 0
  inserted  : 0
  updated   : 0
── State machine ────────────────────────────
  transitions: 0
[sfdc_live_sync] hours=24  states=['IA', 'NE', 'SD']  dry_run=False

── Accounts ─────────────────────────────────
  queried   : 1
  inserted  : 0
  updated   : 1
  skipped   : 0
── Opportunities ────────────────────────────
  queried   : 0
  inserted  : 0
  updated   : 0
── State machine ────────────────────────────
  transitions: 0
